<?xml version="1.0" encoding="UTF-8"?>
<!-- Generated by org.testng.reporters.JUnitReportReporter -->
<testsuite skipped="0" hostname="DESKTOP-IG54P07" name="automation.NewTest" tests="1" failures="0" timestamp="05 Feb 2018 05:32:55 GMT" time="0.017" errors="0">
  <testcase name="f" time="0.017" classname="automation.NewTest"/>
</testsuite> <!-- automation.NewTest -->
